Removed Pin From Net: NetName=VCC20 Pin=R?-1
Removed Pin From Net: NetName=PTC4 Pin=R?-2
Added Component: Designator=*(K60_100)
Added Pin To Net: NetName=3.3V_MCU_IN Pin=*-3.3V
Added Pin To Net: NetName=3.3V_MCU_IN Pin=*-3.3V
Added Pin To Net: NetName=3.3V_MCU_IN Pin=*-3.3V
Added Pin To Net: NetName=PTA4 Pin=*-A4
Added Pin To Net: NetName=PTA5 Pin=*-A5
Added Pin To Net: NetName=PTA12 Pin=*-A12
Added Pin To Net: NetName=PTA13 Pin=*-A13
Added Pin To Net: NetName=PTA14 Pin=*-A14
Added Pin To Net: NetName=PTA15 Pin=*-A15
Added Pin To Net: NetName=PTA16 Pin=*-A16
Added Pin To Net: NetName=PTA17 Pin=*-A17
Added Pin To Net: NetName=PTB0 Pin=*-B0
Added Pin To Net: NetName=PTB1 Pin=*-B1
Added Pin To Net: NetName=PTB9 Pin=*-B9
Added Pin To Net: NetName=PTC5 Pin=*-C5
Added Pin To Net: NetName=PTC6 Pin=*-C6
Added Pin To Net: NetName=PTC7 Pin=*-C7
Added Pin To Net: NetName=DB0 Pin=*-C8
Added Pin To Net: NetName=DB1 Pin=*-C9
Added Pin To Net: NetName=DB2 Pin=*-C10
Added Pin To Net: NetName=DB3 Pin=*-C11
Added Pin To Net: NetName=DB4 Pin=*-C12
Added Pin To Net: NetName=DB5 Pin=*-C13
Added Pin To Net: NetName=DB6 Pin=*-C14
Added Pin To Net: NetName=DB7 Pin=*-C15
Added Pin To Net: NetName=PTC16 Pin=*-C16
Added Pin To Net: NetName=PTC17 Pin=*-C17
Added Pin To Net: NetName=D0 Pin=*-D0
Added Pin To Net: NetName=D1 Pin=*-D1
Added Pin To Net: NetName=D2 Pin=*-D2
Added Pin To Net: NetName=D3 Pin=*-D3
Added Pin To Net: NetName=D4 Pin=*-D4
Added Pin To Net: NetName=D5 Pin=*-D5
Added Pin To Net: NetName=D6 Pin=*-D6
Added Pin To Net: NetName=D7 Pin=*-D7
Added Pin To Net: NetName=PTE0 Pin=*-E0
Added Pin To Net: NetName=PTE2 Pin=*-E2
Added Pin To Net: NetName=PTE3 Pin=*-E3
Added Pin To Net: NetName=PTE4 Pin=*-E4
Added Pin To Net: NetName=GND_MCU_IN Pin=*-GND
Added Pin To Net: NetName=GND_MCU_IN Pin=*-GND
Added Pin To Net: NetName=GND_MCU_IN Pin=*-GND
Added Pin To Net: NetName=GND_MCU_IN Pin=*-GND
Added Pin To Net: NetName=GND_MCU_IN Pin=*-GND
Added Pin To Net: NetName=GND Pin=R?-1
Added Pin To Net: NetName=GND Pin=R?-1
Added Pin To Net: NetName=GND Pin=R?-1
Added Pin To Net: NetName=GND Pin=R?-1
Added Pin To Net: NetName=SWITCH_7.2 Pin=R?-1
Added Pin To Net: NetName=VCC20 Pin=R?-1
Added Pin To Net: NetName=NetL1_1 Pin=R?-2
Added Pin To Net: NetName=NetL1_1 Pin=R?-2
Added Pin To Net: NetName=NetQ4_2 Pin=R?-2
Added Pin To Net: NetName=NRF_IRQ Pin=R?-2
Added Pin To Net: NetName=PTC2 Pin=R?-2
Added Pin To Net: NetName=PTC3 Pin=R?-2
Added Pin To Net: NetName=PTC4 Pin=R?-2
Added Member To Class: ClassName=Sheet1 Member=Component * Component_1
