Added Component: Designator=*(K60_100)
Added Component: Designator=17_BUS(SOT-223 - 3)
Added Component: Designator=40_BUS(TO-263-3)
Added Component: Designator=Beep(BELL)
Added Component: Designator=C11(0805-0C)
Added Component: Designator=C?(0805-0C)
Added Component: Designator=C?(3216-A-TA)
Added Component: Designator=C?(0805-0C)
Added Component: Designator=C?(0805-0C)
Added Component: Designator=C?(3216-A-TA)
Added Component: Designator=C?(3216-A-TA)
Added Component: Designator=C?(0805-0C)
Added Component: Designator=C?(0805-0C)
Added Component: Designator=C?(0805-0C)
Added Component: Designator=C?(0805-0C)
Added Component: Designator=C?(3216-A-TA)
Added Component: Designator=C?(3216-A-TA)
Added Component: Designator=C?(0805-0C)
Added Component: Designator=C?(0805-0R)
Added Component: Designator=C?(0805-0C)
Added Component: Designator=C?(3216-A-TA)
Added Component: Designator=C?(3216-A-TA)
Added Component: Designator=C?(0805-0C)
Added Component: Designator=C?(0805-0C)
Added Component: Designator=C?(0805-0C)
Added Component: Designator=C?(0805-0C)
Added Component: Designator=C?(3216)
Added Component: Designator=C?(C7343)
Added Component: Designator=C?(0805-0R)
Added Component: Designator=C?(0805-0C)
Added Component: Designator=C?(0805-0C)
Added Component: Designator=C?(0805-0C)
Added Component: Designator=C?(3216-A-TA)
Added Component: Designator=C?(0805-0C)
Added Component: Designator=C?(3216-A-TA)
Added Component: Designator=Carmera(FH12A-24S-0.5SH)
Added Component: Designator=D1(DO-214)
Added Component: Designator=D?(DO-214)
Added Component: Designator=D?(DO-214)
Added Component: Designator=D?(DO-214)
Added Component: Designator=D?(DO-214)
Added Component: Designator=L1(L5X5)
Added Component: Designator=LED1(0805LED2)
Added Component: Designator=LED2(0805LED2)
Added Component: Designator=Main_Switch(乒乓开关5mm)
Added Component: Designator=P?(HDR2X2)
Added Component: Designator=P?(HDR2X2)
Added Component: Designator=Q0(to252)
Added Component: Designator=Q1(to252)
Added Component: Designator=Q2(to252)
Added Component: Designator=Q3(to252)
Added Component: Designator=Q4(to252)
Added Component: Designator=Q5(to252)
Added Component: Designator=Q6(to252)
Added Component: Designator=Q7(to252)
Added Component: Designator=Q8(TO92B)
Added Component: Designator=R?(0805-0R)
Added Component: Designator=R?(0805-0R)
Added Component: Designator=R?(0805-0R)
Added Component: Designator=R?(0805-0R)
Added Component: Designator=R?(0805-0R)
Added Component: Designator=R?(0805-0R)
Added Component: Designator=R?(0805-0R)
Added Component: Designator=R?(0805-0R)
Added Component: Designator=R?(0805-0R)
Added Component: Designator=R?(0805-0R)
Added Component: Designator=R?(0805-0R)
Added Component: Designator=R?(0805-0R)
Added Component: Designator=R?(0805-0R)
Added Component: Designator=R?(0805-0R)
Added Component: Designator=R?(0805-0R)
Added Component: Designator=R?(0805-0R)
Added Component: Designator=R?(0805-0R)
Added Component: Designator=R?(0805-0R)
Added Component: Designator=R?(0805-0R)
Added Component: Designator=R?(0805-0R)
Added Component: Designator=R?(0805-0R)
Added Component: Designator=R?(0805-0R)
Added Component: Designator=R?(0805-0R)
Added Component: Designator=R?(0805-0R)
Added Component: Designator=S1(KEY-SMD1)
Added Component: Designator=S2(KEY-SMD1)
Added Component: Designator=S3(KEY-SMD1)
Added Component: Designator=S4(KEY-SMD1)
Added Component: Designator=S5(KEY-SMD1)
Added Component: Designator=S6(KEY-SMD1)
Added Component: Designator=S?(DIP-8)
Added Component: Designator=Ser(HDR1X3)
Added Component: Designator=tft(HDR1X18)
Added Component: Designator=TP2(SOP8)
Added Component: Designator=T型头(T HEAD)
Added Component: Designator=U2(SOP-16)
Added Component: Designator=U2(SOP-16)
Added Component: Designator=U?(sop8)
Added Component: Designator=U?(TSSOP20)
Added Component: Designator=U?(NRF24L01)
Added Component: Designator=总开关(乒乓开关5mm)
Added Pin To Net: NetName=3.3V_BUS Pin=17_BUS-2
Added Pin To Net: NetName=3.3V_BUS Pin=17_BUS-2
Added Pin To Net: NetName=3.3V_BUS Pin=Beep-1
Added Pin To Net: NetName=3.3V_BUS Pin=C?-1
Added Pin To Net: NetName=3.3V_BUS Pin=C?-1
Added Pin To Net: NetName=3.3V_BUS Pin=C?-1
Added Pin To Net: NetName=3.3V_BUS Pin=C?-1
Added Pin To Net: NetName=3.3V_BUS Pin=P?-2
Added Pin To Net: NetName=3.3V_BUS Pin=P?-2
Added Pin To Net: NetName=3.3V_BUS Pin=U?-2
Added Net: Name=3.3V_BUS
Added Pin To Net: NetName=3.3V_MCU_IN Pin=C?-1
Added Pin To Net: NetName=3.3V_MCU_IN Pin=C?-1
Added Pin To Net: NetName=3.3V_MCU_IN Pin=C?-1
Added Pin To Net: NetName=3.3V_MCU_IN Pin=C?-2
Added Pin To Net: NetName=3.3V_MCU_IN Pin=C?-2
Added Pin To Net: NetName=3.3V_MCU_IN Pin=Carmera-22
Added Pin To Net: NetName=3.3V_MCU_IN Pin=TP2-5
Added Pin To Net: NetName=3.3V_MCU_IN Pin=TP2-6
Added Pin To Net: NetName=3.3V_MCU_IN Pin=TP2-7
Added Net: Name=3.3V_MCU_IN
Added Pin To Net: NetName=3.3V Pin=C?-2
Added Pin To Net: NetName=3.3V Pin=U?-20
Added Net: Name=3.3V
Added Pin To Net: NetName=5V_BUS Pin=17_BUS-3
Added Pin To Net: NetName=5V_BUS Pin=40_BUS-3
Added Pin To Net: NetName=5V_BUS Pin=C?-1
Added Pin To Net: NetName=5V_BUS Pin=C?-1
Added Pin To Net: NetName=5V_BUS Pin=C?-1
Added Pin To Net: NetName=5V_BUS Pin=C?-2
Added Pin To Net: NetName=5V_BUS Pin=C?-2
Added Pin To Net: NetName=5V_BUS Pin=tft-17
Added Pin To Net: NetName=5V_BUS Pin=TP2-3
Added Pin To Net: NetName=5V_BUS Pin=TP2-4
Added Net: Name=5V_BUS
Added Pin To Net: NetName=5V_SER Pin=C?-2
Added Net: Name=5V_SER
Added Pin To Net: NetName=BATTERY7.2 Pin=Main_Switch-1
Added Pin To Net: NetName=BATTERY7.2 Pin=T型头-1
Added Pin To Net: NetName=BATTERY7.2 Pin=总开关-1
Added Net: Name=BATTERY7.2
Added Pin To Net: NetName=D0 Pin=Carmera-11
Added Net: Name=D0
Added Pin To Net: NetName=D1 Pin=Carmera-12
Added Net: Name=D1
Added Pin To Net: NetName=D2 Pin=Carmera-13
Added Net: Name=D2
Added Pin To Net: NetName=D3 Pin=Carmera-14
Added Net: Name=D3
Added Pin To Net: NetName=D4 Pin=Carmera-15
Added Net: Name=D4
Added Pin To Net: NetName=D5 Pin=Carmera-16
Added Net: Name=D5
Added Pin To Net: NetName=D6 Pin=Carmera-17
Added Net: Name=D6
Added Pin To Net: NetName=D7 Pin=Carmera-18
Added Net: Name=D7
Added Pin To Net: NetName=DB0 Pin=tft-12
Added Net: Name=DB0
Added Pin To Net: NetName=DB1 Pin=tft-11
Added Net: Name=DB1
Added Pin To Net: NetName=DB2 Pin=tft-10
Added Net: Name=DB2
Added Pin To Net: NetName=DB3 Pin=tft-9
Added Net: Name=DB3
Added Pin To Net: NetName=DB4 Pin=tft-8
Added Net: Name=DB4
Added Pin To Net: NetName=DB5 Pin=tft-7
Added Net: Name=DB5
Added Pin To Net: NetName=DB6 Pin=tft-6
Added Net: Name=DB6
Added Pin To Net: NetName=DB7 Pin=tft-5
Added Net: Name=DB7
Added Pin To Net: NetName=GE1 Pin=U2-3
Added Pin To Net: NetName=GE1 Pin=U?-2
Added Net: Name=GE1
Added Pin To Net: NetName=GE2 Pin=U2-4
Added Pin To Net: NetName=GE2 Pin=U?-3
Added Net: Name=GE2
Added Pin To Net: NetName=GE3 Pin=U2-3
Added Pin To Net: NetName=GE3 Pin=U?-4
Added Net: Name=GE3
Added Pin To Net: NetName=GE4 Pin=U2-4
Added Pin To Net: NetName=GE4 Pin=U?-5
Added Net: Name=GE4
Added Pin To Net: NetName=GND_MCU_IN Pin=17_BUS-1
Added Pin To Net: NetName=GND_MCU_IN Pin=C?-1
Added Pin To Net: NetName=GND_MCU_IN Pin=C?-1
Added Pin To Net: NetName=GND_MCU_IN Pin=C?-1
Added Pin To Net: NetName=GND_MCU_IN Pin=C?-1
Added Pin To Net: NetName=GND_MCU_IN Pin=C?-1
Added Pin To Net: NetName=GND_MCU_IN Pin=C?-2
Added Pin To Net: NetName=GND_MCU_IN Pin=C?-2
Added Pin To Net: NetName=GND_MCU_IN Pin=C?-2
Added Pin To Net: NetName=GND_MCU_IN Pin=C?-2
Added Pin To Net: NetName=GND_MCU_IN Pin=C?-2
Added Pin To Net: NetName=GND_MCU_IN Pin=C?-2
Added Pin To Net: NetName=GND_MCU_IN Pin=C?-2
Added Pin To Net: NetName=GND_MCU_IN Pin=C?-2
Added Pin To Net: NetName=GND_MCU_IN Pin=C?-2
Added Pin To Net: NetName=GND_MCU_IN Pin=C?-2
Added Pin To Net: NetName=GND_MCU_IN Pin=C?-2
Added Pin To Net: NetName=GND_MCU_IN Pin=C?-2
Added Pin To Net: NetName=GND_MCU_IN Pin=Carmera-21
Added Pin To Net: NetName=GND_MCU_IN Pin=Carmera-25
Added Pin To Net: NetName=GND_MCU_IN Pin=Carmera-26
Added Pin To Net: NetName=GND_MCU_IN Pin=P?-1
Added Pin To Net: NetName=GND_MCU_IN Pin=P?-1
Added Pin To Net: NetName=GND_MCU_IN Pin=Q8-3
Added Pin To Net: NetName=GND_MCU_IN Pin=R?-1
Added Pin To Net: NetName=GND_MCU_IN Pin=R?-2
Added Pin To Net: NetName=GND_MCU_IN Pin=R?-2
Added Pin To Net: NetName=GND_MCU_IN Pin=R?-2
Added Pin To Net: NetName=GND_MCU_IN Pin=S1-1
Added Pin To Net: NetName=GND_MCU_IN Pin=S2-1
Added Pin To Net: NetName=GND_MCU_IN Pin=S3-1
Added Pin To Net: NetName=GND_MCU_IN Pin=S4-1
Added Pin To Net: NetName=GND_MCU_IN Pin=S5-1
Added Pin To Net: NetName=GND_MCU_IN Pin=S6-1
Added Pin To Net: NetName=GND_MCU_IN Pin=tft-18
Added Pin To Net: NetName=GND_MCU_IN Pin=TP2-1
Added Pin To Net: NetName=GND_MCU_IN Pin=TP2-2
Added Pin To Net: NetName=GND_MCU_IN Pin=U?-1
Added Net: Name=GND_MCU_IN
Added Pin To Net: NetName=GND Pin=C11-1
Added Pin To Net: NetName=GND Pin=C?-1
Added Pin To Net: NetName=GND Pin=C?-1
Added Pin To Net: NetName=GND Pin=C?-1
Added Pin To Net: NetName=GND Pin=C?-1
Added Pin To Net: NetName=GND Pin=C?-1
Added Pin To Net: NetName=GND Pin=C?-2
Added Pin To Net: NetName=GND Pin=C?-2
Added Pin To Net: NetName=GND Pin=C?-2
Added Pin To Net: NetName=GND Pin=C?-2
Added Pin To Net: NetName=GND Pin=Q1-3
Added Pin To Net: NetName=GND Pin=Q3-3
Added Pin To Net: NetName=GND Pin=Q5-3
Added Pin To Net: NetName=GND Pin=Q7-3
Added Pin To Net: NetName=GND Pin=R?-1
Added Pin To Net: NetName=GND Pin=R?-1
Added Pin To Net: NetName=GND Pin=R?-1
Added Pin To Net: NetName=GND Pin=R?-1
Added Pin To Net: NetName=GND Pin=R?-1
Added Pin To Net: NetName=GND Pin=R?-1
Added Pin To Net: NetName=GND Pin=R?-1
Added Pin To Net: NetName=GND Pin=R?-1
Added Pin To Net: NetName=GND Pin=R?-1
Added Pin To Net: NetName=GND Pin=R?-1
Added Pin To Net: NetName=GND Pin=R?-2
Added Pin To Net: NetName=GND Pin=R?-2
Added Pin To Net: NetName=GND Pin=Ser-3
Added Pin To Net: NetName=GND Pin=T型头-2
Added Pin To Net: NetName=GND Pin=U2-6
Added Pin To Net: NetName=GND Pin=U2-6
Added Pin To Net: NetName=GND Pin=U2-8
Added Pin To Net: NetName=GND Pin=U2-8
Added Pin To Net: NetName=GND Pin=U?-1
Added Pin To Net: NetName=GND Pin=U?-2
Added Pin To Net: NetName=GND Pin=U?-4
Added Pin To Net: NetName=GND Pin=U?-6
Added Pin To Net: NetName=GND Pin=U?-7
Added Pin To Net: NetName=GND Pin=U?-8
Added Pin To Net: NetName=GND Pin=U?-9
Added Pin To Net: NetName=GND Pin=U?-10
Added Pin To Net: NetName=GND Pin=U?-11
Added Pin To Net: NetName=GND Pin=U?-12
Added Pin To Net: NetName=GND Pin=U?-13
Added Pin To Net: NetName=GND Pin=U?-14
Added Pin To Net: NetName=GND Pin=U?-19
Added Net: Name=GND
Added Pin To Net: NetName=KEY_A Pin=S6-2
Added Net: Name=KEY_A
Added Pin To Net: NetName=KEY_B Pin=S5-2
Added Net: Name=KEY_B
Added Pin To Net: NetName=KEY_C Pin=S4-2
Added Net: Name=KEY_C
Added Pin To Net: NetName=KEY_D Pin=S3-2
Added Net: Name=KEY_D
Added Pin To Net: NetName=KEY_E Pin=S2-2
Added Net: Name=KEY_E
Added Pin To Net: NetName=KEY_F Pin=S1-2
Added Net: Name=KEY_F
Added Pin To Net: NetName=MAIN_7.2 Pin=40_BUS-1
Added Pin To Net: NetName=MAIN_7.2 Pin=C?-1
Added Pin To Net: NetName=MAIN_7.2 Pin=C?-2
Added Pin To Net: NetName=MAIN_7.2 Pin=LED1-1
Added Pin To Net: NetName=MAIN_7.2 Pin=Main_Switch-2
Added Pin To Net: NetName=MAIN_7.2 Pin=Main_Switch-3
Added Pin To Net: NetName=MAIN_7.2 Pin=Ser-2
Added Net: Name=MAIN_7.2
Added Pin To Net: NetName=NetBeep_2 Pin=Beep-2
Added Pin To Net: NetName=NetBeep_2 Pin=Q8-1
Added Net: Name=NetBeep_2
Added Pin To Net: NetName=NetC?_1 Pin=C?-1
Added Pin To Net: NetName=NetC?_1 Pin=LED1-2
Added Net: Name=NetC?_1
Added Pin To Net: NetName=NetC?_2 Pin=C?-2
Added Pin To Net: NetName=NetC?_2 Pin=D?-2
Added Pin To Net: NetName=NetC?_2 Pin=U2-9
Added Net: Name=NetC?_2
Added Pin To Net: NetName=NetD1_1 Pin=D1-1
Added Pin To Net: NetName=NetD1_1 Pin=L1-2
Added Pin To Net: NetName=NetD1_1 Pin=U?-1
Added Net: Name=NetD1_1
Added Pin To Net: NetName=NetL1_1 Pin=L1-1
Added Pin To Net: NetName=NetL1_1 Pin=R?-2
Added Pin To Net: NetName=NetL1_1 Pin=R?-2
Added Pin To Net: NetName=NetL1_1 Pin=U?-7
Added Net: Name=NetL1_1
Added Pin To Net: NetName=NetQ0_2 Pin=Q0-2
Added Pin To Net: NetName=NetQ0_2 Pin=R?-2
Added Pin To Net: NetName=NetQ0_2 Pin=R?-2
Added Net: Name=NetQ0_2
Added Pin To Net: NetName=NetQ1_2 Pin=Q1-2
Added Pin To Net: NetName=NetQ1_2 Pin=R?-2
Added Pin To Net: NetName=NetQ1_2 Pin=R?-2
Added Net: Name=NetQ1_2
Added Pin To Net: NetName=NetQ2_2 Pin=Q2-2
Added Pin To Net: NetName=NetQ2_2 Pin=R?-1
Added Pin To Net: NetName=NetQ2_2 Pin=R?-2
Added Net: Name=NetQ2_2
Added Pin To Net: NetName=NetQ3_2 Pin=Q3-2
Added Pin To Net: NetName=NetQ3_2 Pin=R?-1
Added Pin To Net: NetName=NetQ3_2 Pin=R?-2
Added Net: Name=NetQ3_2
Added Pin To Net: NetName=NetQ4_2 Pin=Q4-2
Added Pin To Net: NetName=NetQ4_2 Pin=R?-2
Added Pin To Net: NetName=NetQ4_2 Pin=R?-2
Added Net: Name=NetQ4_2
Added Pin To Net: NetName=NetQ5_2 Pin=Q5-2
Added Pin To Net: NetName=NetQ5_2 Pin=R?-2
Added Pin To Net: NetName=NetQ5_2 Pin=R?-2
Added Net: Name=NetQ5_2
Added Pin To Net: NetName=NetQ6_2 Pin=Q6-2
Added Pin To Net: NetName=NetQ6_2 Pin=R?-1
Added Pin To Net: NetName=NetQ6_2 Pin=R?-2
Added Net: Name=NetQ6_2
Added Pin To Net: NetName=NetQ7_2 Pin=Q7-2
Added Pin To Net: NetName=NetQ7_2 Pin=R?-1
Added Pin To Net: NetName=NetQ7_2 Pin=R?-2
Added Net: Name=NetQ7_2
Added Pin To Net: NetName=NetQ8_2 Pin=Q8-2
Added Pin To Net: NetName=NetQ8_2 Pin=R?-2
Added Pin To Net: NetName=NetQ8_2 Pin=R?-2
Added Net: Name=NetQ8_2
Added Pin To Net: NetName=NetR?_1 Pin=R?-1
Added Pin To Net: NetName=NetR?_1 Pin=U?-8
Added Net: Name=NetR?_1
Added Pin To Net: NetName=NetR?_2 Pin=R?-2
Added Pin To Net: NetName=NetR?_2 Pin=U2-13
Added Net: Name=NetR?_2
Added Pin To Net: NetName=NRF_CE Pin=U?-3
Added Net: Name=NRF_CE
Added Pin To Net: NetName=NRF_CS Pin=U?-4
Added Net: Name=NRF_CS
Added Pin To Net: NetName=NRF_IRQ Pin=R?-2
Added Net: Name=NRF_IRQ
Added Pin To Net: NetName=NRF_MISO Pin=U?-7
Added Net: Name=NRF_MISO
Added Pin To Net: NetName=NRF_MOSI Pin=U?-6
Added Net: Name=NRF_MOSI
Added Pin To Net: NetName=NRF_SCK Pin=U?-5
Added Net: Name=NRF_SCK
Added Net: Name=PTA4
Added Net: Name=PTA5
Added Net: Name=PTA12
Added Net: Name=PTA13
Added Net: Name=PTA14
Added Net: Name=PTA15
Added Net: Name=PTA16
Added Net: Name=PTA17
Added Pin To Net: NetName=PTB0 Pin=P?-3
Added Net: Name=PTB0
Added Pin To Net: NetName=PTB1 Pin=P?-4
Added Pin To Net: NetName=PTB1 Pin=Ser-1
Added Net: Name=PTB1
Added Pin To Net: NetName=PTB9 Pin=R?-1
Added Net: Name=PTB9
Added Pin To Net: NetName=PTB18 Pin=P?-3
Added Net: Name=PTB18
Added Pin To Net: NetName=PTB19 Pin=P?-4
Added Net: Name=PTB19
Added Pin To Net: NetName=PTC1 Pin=R?-2
Added Pin To Net: NetName=PTC1 Pin=U?-18
Added Net: Name=PTC1
Added Pin To Net: NetName=PTC2 Pin=R?-2
Added Pin To Net: NetName=PTC2 Pin=U?-17
Added Net: Name=PTC2
Added Pin To Net: NetName=PTC3 Pin=R?-2
Added Pin To Net: NetName=PTC3 Pin=U?-16
Added Net: Name=PTC3
Added Pin To Net: NetName=PTC4 Pin=R?-2
Added Pin To Net: NetName=PTC4 Pin=U?-15
Added Net: Name=PTC4
Added Pin To Net: NetName=PTC5 Pin=tft-15
Added Net: Name=PTC5
Added Pin To Net: NetName=PTC6 Pin=tft-14
Added Net: Name=PTC6
Added Pin To Net: NetName=PTC7 Pin=tft-13
Added Net: Name=PTC7
Added Pin To Net: NetName=PTC16 Pin=Carmera-20
Added Net: Name=PTC16
Added Pin To Net: NetName=PTC17 Pin=Carmera-19
Added Net: Name=PTC17
Added Pin To Net: NetName=PTE0 Pin=tft-4
Added Net: Name=PTE0
Added Pin To Net: NetName=PTE2 Pin=tft-2
Added Net: Name=PTE2
Added Pin To Net: NetName=PTE3 Pin=Carmera-4
Added Pin To Net: NetName=PTE3 Pin=R?-1
Added Net: Name=PTE3
Added Pin To Net: NetName=PTE4 Pin=Carmera-6
Added Pin To Net: NetName=PTE4 Pin=R?-1
Added Net: Name=PTE4
Added Pin To Net: NetName=SWITCH_7.2 Pin=C?-1
Added Pin To Net: NetName=SWITCH_7.2 Pin=LED2-1
Added Pin To Net: NetName=SWITCH_7.2 Pin=Q0-1
Added Pin To Net: NetName=SWITCH_7.2 Pin=Q2-1
Added Pin To Net: NetName=SWITCH_7.2 Pin=Q4-1
Added Pin To Net: NetName=SWITCH_7.2 Pin=Q6-1
Added Pin To Net: NetName=SWITCH_7.2 Pin=R?-1
Added Pin To Net: NetName=SWITCH_7.2 Pin=U?-6
Added Pin To Net: NetName=SWITCH_7.2 Pin=总开关-2
Added Pin To Net: NetName=SWITCH_7.2 Pin=总开关-3
Added Net: Name=SWITCH_7.2
Added Pin To Net: NetName=VCC20 Pin=C11-2
Added Pin To Net: NetName=VCC20 Pin=C?-1
Added Pin To Net: NetName=VCC20 Pin=C?-2
Added Pin To Net: NetName=VCC20 Pin=C?-2
Added Pin To Net: NetName=VCC20 Pin=C?-2
Added Pin To Net: NetName=VCC20 Pin=D1-2
Added Pin To Net: NetName=VCC20 Pin=D?-1
Added Pin To Net: NetName=VCC20 Pin=D?-1
Added Pin To Net: NetName=VCC20 Pin=D?-1
Added Pin To Net: NetName=VCC20 Pin=D?-1
Added Pin To Net: NetName=VCC20 Pin=R?-1
Added Pin To Net: NetName=VCC20 Pin=U2-2
Added Pin To Net: NetName=VCC20 Pin=U2-2
Added Pin To Net: NetName=VCC20 Pin=U2-7
Added Pin To Net: NetName=VCC20 Pin=U2-7
Added Pin To Net: NetName=VCC20 Pin=U2-12
Added Pin To Net: NetName=VCC20 Pin=U2-12
Added Net: Name=VCC20
Added Class: Name=Sheet1
Added Room: Name=Sheet1
