Removed Pin From Net: NetName=MAIN_7.2 Pin=Ser-2
Added Component: Designator=C29(0805-0C)
Added Component: Designator=C39(3216-A-TA)
Added Component: Designator=D11(DO-214)
Added Component: Designator=D12(DO-214)
Added Component: Designator=LM317(TO-263-3)
Added Component: Designator=R41(0805-0R)
Added Component: Designator=R42(0805-0R)
Added Pin To Net: NetName=GND Pin=C29-1
Added Pin To Net: NetName=MAIN_7.2 Pin=C29-2
Added Pin To Net: NetName=GND Pin=C39-2
Added Pin To Net: NetName=MAIN_7.2 Pin=D11-2
Added Pin To Net: NetName=MAIN_7.2 Pin=LM317-3
Added Pin To Net: NetName=GND Pin=R42-2
Added Pin To Net: NetName=5V_SER Pin=C39-1
Added Pin To Net: NetName=5V_SER Pin=D11-1
Added Pin To Net: NetName=5V_SER Pin=D12-2
Added Pin To Net: NetName=5V_SER Pin=LM317-2
Added Pin To Net: NetName=5V_SER Pin=LM317-2
Added Pin To Net: NetName=5V_SER Pin=R41-1
Added Pin To Net: NetName=5V_SER Pin=Ser-2
Added Net: Name=5V_SER
Added Pin To Net: NetName=NetD12_1 Pin=D12-1
Added Pin To Net: NetName=NetD12_1 Pin=LM317-1
Added Pin To Net: NetName=NetD12_1 Pin=R41-2
Added Pin To Net: NetName=NetD12_1 Pin=R42-1
Added Net: Name=NetD12_1
Added Member To Class: ClassName=Sheet1 Member=Component C29 Cap
Added Member To Class: ClassName=Sheet1 Member=Component C39 
Added Member To Class: ClassName=Sheet1 Member=Component D11 D Schottky
Added Member To Class: ClassName=Sheet1 Member=Component D12 D Schottky
Added Member To Class: ClassName=Sheet1 Member=Component LM317
Added Member To Class: ClassName=Sheet1 Member=Component R41 240
Added Member To Class: ClassName=Sheet1 Member=Component R42 10k
