Removed Pin From Net: NetName=SWITCH_7.2 Pin=Q0-1
Removed Pin From Net: NetName=NetC14_1 Pin=Q0-3
Removed Pin From Net: NetName=NetC14_1 Pin=Q1-1
Removed Pin From Net: NetName=GND Pin=Q1-3
Removed Pin From Net: NetName=NetC15_1 Pin=Q2-3
Removed Pin From Net: NetName=NetC15_1 Pin=Q3-1
Removed Pin From Net: NetName=GND Pin=Q3-3
Removed Pin From Net: NetName=SWITCH_7.2 Pin=Q4-1
Removed Pin From Net: NetName=NetC20_1 Pin=Q4-3
Removed Pin From Net: NetName=NetC20_1 Pin=Q5-1
Removed Pin From Net: NetName=GND Pin=Q5-3
Removed Pin From Net: NetName=NetC21_1 Pin=Q6-3
Removed Pin From Net: NetName=NetC21_1 Pin=Q7-1
Removed Pin From Net: NetName=GND Pin=Q7-3
Removed Pin From Net: NetName=NetBeep_2 Pin=Q8-1
Removed Pin From Net: NetName=GND_MCU_IN Pin=Q8-3
Removed Pin From Net: NetName=NetQ8_2 Pin=R1-2
Removed Pin From Net: NetName=NetQ8_2 Pin=R5-2
Removed Pin From Net: NetName=NetQ2_2 Pin=R10-1
Removed Pin From Net: NetName=NetQ2_2 Pin=R12-2
Removed Pin From Net: NetName=NetQ1_2 Pin=R15-2
Removed Pin From Net: NetName=NetQ1_2 Pin=R17-2
Removed Pin From Net: NetName=NetQ6_2 Pin=R20-1
Removed Pin From Net: NetName=NetQ4_2 Pin=R21-2
Removed Pin From Net: NetName=NetQ6_2 Pin=R22-2
Removed Pin From Net: NetName=NetQ4_2 Pin=R23-2
Removed Pin From Net: NetName=NetQ5_2 Pin=R25-2
Removed Pin From Net: NetName=NetQ5_2 Pin=R27-2
Removed Member From Class: ClassName=Sheet1 Member=Q0
Change Component DesignItemId : Designator=Q8 Old DesignItemId=NPN New DesignItemId=MOSFET-N
Change Component Footprint: Designator=Q8 Old Footprint=TO92B New Footprint=to252
Change Component Comment : Designator=Q8 Old Comment=NPN New Comment=MOSFET-N
Added Component: Designator=Q9(TO-226-AA)
Added Pin To Net: NetName=NetC15_1 Pin=Q1-1
Added Pin To Net: NetName=SWITCH_7.2 Pin=Q1-3
Added Pin To Net: NetName=NetC14_1 Pin=Q2-3
Added Pin To Net: NetName=GND Pin=Q3-1
Added Pin To Net: NetName=NetC15_1 Pin=Q3-3
Added Pin To Net: NetName=NetC14_1 Pin=Q4-1
Added Pin To Net: NetName=GND Pin=Q4-3
Added Pin To Net: NetName=NetC21_1 Pin=Q5-1
Added Pin To Net: NetName=SWITCH_7.2 Pin=Q5-3
Added Pin To Net: NetName=NetC20_1 Pin=Q6-3
Added Pin To Net: NetName=GND Pin=Q7-1
Added Pin To Net: NetName=NetC21_1 Pin=Q7-3
Added Pin To Net: NetName=NetC20_1 Pin=Q8-1
Added Pin To Net: NetName=GND Pin=Q8-3
Added Pin To Net: NetName=NetBeep_2 Pin=Q9-1
Added Pin To Net: NetName=GND_MCU_IN Pin=Q9-3
Added Pin To Net: NetName=NetQ1_2 Pin=R10-1
Added Pin To Net: NetName=NetQ2_2 Pin=R11-2
Added Pin To Net: NetName=NetQ1_2 Pin=R12-2
Added Pin To Net: NetName=NetQ2_2 Pin=R13-2
Added Pin To Net: NetName=NetQ4_2 Pin=R15-2
Added Pin To Net: NetName=NetQ4_2 Pin=R17-2
Added Pin To Net: NetName=NetQ5_2 Pin=R20-1
Added Pin To Net: NetName=NetQ6_2 Pin=R21-2
Added Pin To Net: NetName=NetQ5_2 Pin=R22-2
Added Pin To Net: NetName=NetQ6_2 Pin=R23-2
Added Pin To Net: NetName=NetQ8_2 Pin=R25-2
Added Pin To Net: NetName=NetQ8_2 Pin=R27-2
Added Pin To Net: NetName=NetQ9_2 Pin=Q9-2
Added Pin To Net: NetName=NetQ9_2 Pin=R1-2
Added Pin To Net: NetName=NetQ9_2 Pin=R5-2
Added Net: Name=NetQ9_2
Added Member To Class: ClassName=Sheet1 Member=Component Q9 NPN
Added Room: Name=Sheet1
