Removed Pin From Net: NetName=NetC15_1 Pin=Q1-1
Removed Pin From Net: NetName=NetQ1_2 Pin=Q1-2
Removed Pin From Net: NetName=SWITCH_7.2 Pin=Q2-1
Removed Pin From Net: NetName=NetQ2_2 Pin=Q2-2
Removed Pin From Net: NetName=GND Pin=Q3-1
Removed Pin From Net: NetName=NetQ3_2 Pin=Q3-2
Removed Pin From Net: NetName=NetC14_1 Pin=Q4-1
Removed Pin From Net: NetName=NetQ4_2 Pin=Q4-2
Removed Pin From Net: NetName=NetC21_1 Pin=Q5-1
Removed Pin From Net: NetName=NetQ5_2 Pin=Q5-2
Removed Pin From Net: NetName=SWITCH_7.2 Pin=Q6-1
Removed Pin From Net: NetName=NetQ6_2 Pin=Q6-2
Removed Pin From Net: NetName=GND Pin=Q7-1
Removed Pin From Net: NetName=NetQ7_2 Pin=Q7-2
Removed Pin From Net: NetName=NetC20_1 Pin=Q8-1
Removed Pin From Net: NetName=NetQ8_2 Pin=Q8-2
Added Pin To Net: NetName=NetQ1_2 Pin=Q1-1
Added Pin To Net: NetName=NetC15_1 Pin=Q1-2
Added Pin To Net: NetName=NetQ2_2 Pin=Q2-1
Added Pin To Net: NetName=SWITCH_7.2 Pin=Q2-2
Added Pin To Net: NetName=NetQ3_2 Pin=Q3-1
Added Pin To Net: NetName=GND Pin=Q3-2
Added Pin To Net: NetName=NetQ4_2 Pin=Q4-1
Added Pin To Net: NetName=NetC14_1 Pin=Q4-2
Added Pin To Net: NetName=NetQ5_2 Pin=Q5-1
Added Pin To Net: NetName=NetC21_1 Pin=Q5-2
Added Pin To Net: NetName=NetQ6_2 Pin=Q6-1
Added Pin To Net: NetName=SWITCH_7.2 Pin=Q6-2
Added Pin To Net: NetName=NetQ7_2 Pin=Q7-1
Added Pin To Net: NetName=GND Pin=Q7-2
Added Pin To Net: NetName=NetQ8_2 Pin=Q8-1
Added Pin To Net: NetName=NetC20_1 Pin=Q8-2
Added Room: Name=Sheet1
