Added Component: Designator=u0(K60_100)
Added Pin To Net: NetName=3.3V_MCU_IN Pin=u0-3.3V
Added Pin To Net: NetName=3.3V_MCU_IN Pin=u0-3.3V
Added Pin To Net: NetName=PTA5 Pin=u0-A5
Added Pin To Net: NetName=PTA12 Pin=u0-A12
Added Pin To Net: NetName=PTA13 Pin=u0-A13
Added Pin To Net: NetName=KEY_A Pin=u0-A14
Added Pin To Net: NetName=KEY_B Pin=u0-A15
Added Pin To Net: NetName=KEY_C Pin=u0-A16
Added Pin To Net: NetName=KEY_D Pin=u0-A17
Added Pin To Net: NetName=PTA19 Pin=u0-A19
Added Pin To Net: NetName=KEY_E Pin=u0-B0
Added Pin To Net: NetName=KEY_F Pin=u0-B1
Added Pin To Net: NetName=PTB2 Pin=u0-B2
Added Pin To Net: NetName=PTB3 Pin=u0-B3
Added Pin To Net: NetName=PTB9 Pin=u0-B9
Added Pin To Net: NetName=PTB10 Pin=u0-B10
Added Pin To Net: NetName=PTB11 Pin=u0-B11
Added Pin To Net: NetName=PTB16 Pin=u0-B16
Added Pin To Net: NetName=PTB17 Pin=u0-B17
Added Pin To Net: NetName=PTB18 Pin=u0-B18
Added Pin To Net: NetName=PTB19 Pin=u0-B19
Added Pin To Net: NetName=PTB20 Pin=u0-B20
Added Pin To Net: NetName=PTB21 Pin=u0-B21
Added Pin To Net: NetName=PTB22 Pin=u0-B22
Added Pin To Net: NetName=PTB23 Pin=u0-B23
Added Pin To Net: NetName=PTC0 Pin=u0-C0
Added Pin To Net: NetName=PTC1 Pin=u0-C1
Added Pin To Net: NetName=PTC2 Pin=u0-C2
Added Pin To Net: NetName=PTC3 Pin=u0-C3
Added Pin To Net: NetName=PTC4 Pin=u0-C4
Added Pin To Net: NetName=PTC5 Pin=u0-C5
Added Pin To Net: NetName=PTC6 Pin=u0-C6
Added Pin To Net: NetName=PTC7 Pin=u0-C7
Added Pin To Net: NetName=DB0 Pin=u0-C8
Added Pin To Net: NetName=DB1 Pin=u0-C9
Added Pin To Net: NetName=DB2 Pin=u0-C10
Added Pin To Net: NetName=DB3 Pin=u0-C11
Added Pin To Net: NetName=DB4 Pin=u0-C12
Added Pin To Net: NetName=DB5 Pin=u0-C13
Added Pin To Net: NetName=DB6 Pin=u0-C14
Added Pin To Net: NetName=DB7 Pin=u0-C15
Added Pin To Net: NetName=PTC16 Pin=u0-C16
Added Pin To Net: NetName=PTC17 Pin=u0-C17
Added Pin To Net: NetName=PTC18 Pin=u0-C18
Added Pin To Net: NetName=D0 Pin=u0-D0
Added Pin To Net: NetName=D1 Pin=u0-D1
Added Pin To Net: NetName=D2 Pin=u0-D2
Added Pin To Net: NetName=D3 Pin=u0-D3
Added Pin To Net: NetName=D4 Pin=u0-D4
Added Pin To Net: NetName=D5 Pin=u0-D5
Added Pin To Net: NetName=D6 Pin=u0-D6
Added Pin To Net: NetName=D7 Pin=u0-D7
Added Pin To Net: NetName=PTE0 Pin=u0-E0
Added Pin To Net: NetName=PTE1 Pin=u0-E1
Added Pin To Net: NetName=PTE2 Pin=u0-E2
Added Pin To Net: NetName=PTE3 Pin=u0-E3
Added Pin To Net: NetName=PTE4 Pin=u0-E4
Added Pin To Net: NetName=PTE5 Pin=u0-E5
Added Pin To Net: NetName=PTE6 Pin=u0-E6
Added Pin To Net: NetName=PTE24 Pin=u0-E24
Added Pin To Net: NetName=PTE25 Pin=u0-E25
Added Pin To Net: NetName=PTE26 Pin=u0-E26
Added Pin To Net: NetName=GND_MCU_IN Pin=u0-GND
Added Pin To Net: NetName=GND_MCU_IN Pin=u0-GND
Added Pin To Net: NetName=GND_MCU_IN Pin=u0-GND
Added Member To Class: ClassName=Sheet1 Member=Component u0 Component_1
